0 info it worked if it ends with ok
1 verbose cli [ '/Users/charleshill/.nvm/versions/node/v0.12.2/bin/node',
1 verbose cli   '/Users/charleshill/.nvm/versions/node/v0.12.2/bin/npm',
1 verbose cli   'run',
1 verbose cli   'test' ]
2 info using npm@2.7.4
3 info using node@v0.12.2
4 verbose run-script [ 'pretest', 'test', 'posttest' ]
5 info pretest data-structures-algorithms-js@1.0.0
6 info test data-structures-algorithms-js@1.0.0
7 verbose unsafe-perm in lifecycle true
8 info data-structures-algorithms-js@1.0.0 Failed to exec test script
9 verbose stack Error: data-structures-algorithms-js@1.0.0 test: `babel-tape-runner ./test/*-test.js | faucet`
9 verbose stack Exit status 1
9 verbose stack     at EventEmitter.<anonymous> (/Users/charleshill/.nvm/versions/node/v0.12.2/lib/node_modules/npm/lib/utils/lifecycle.js:213:16)
9 verbose stack     at EventEmitter.emit (events.js:110:17)
9 verbose stack     at ChildProcess.<anonymous> (/Users/charleshill/.nvm/versions/node/v0.12.2/lib/node_modules/npm/lib/utils/spawn.js:14:12)
9 verbose stack     at ChildProcess.emit (events.js:110:17)
9 verbose stack     at maybeClose (child_process.js:1015:16)
9 verbose stack     at Process.ChildProcess._handle.onexit (child_process.js:1087:5)
10 verbose pkgid data-structures-algorithms-js@1.0.0
11 verbose cwd /Users/charleshill/Repositories/DSA
12 error Darwin 15.0.0
13 error argv "/Users/charleshill/.nvm/versions/node/v0.12.2/bin/node" "/Users/charleshill/.nvm/versions/node/v0.12.2/bin/npm" "run" "test"
14 error node v0.12.2
15 error npm  v2.7.4
16 error code ELIFECYCLE
17 error data-structures-algorithms-js@1.0.0 test: `babel-tape-runner ./test/*-test.js | faucet`
17 error Exit status 1
18 error Failed at the data-structures-algorithms-js@1.0.0 test script 'babel-tape-runner ./test/*-test.js | faucet'.
18 error This is most likely a problem with the data-structures-algorithms-js package,
18 error not with npm itself.
18 error Tell the author that this fails on your system:
18 error     babel-tape-runner ./test/*-test.js | faucet
18 error You can get their info via:
18 error     npm owner ls data-structures-algorithms-js
18 error There is likely additional logging output above.
19 verbose exit [ 1, true ]
